<?xml version="1.0" encoding="UTF-8" standalone="no" ?>
<coverage branch-rate="NaN" branches-covered="NaN" branches-valid="NaN" complexity="NaN" line-rate="0.62745" lines-covered="352" lines-valid="561" timestamp="1702306244.2672" version="">
  <sources>
    <source>/home/huang/Nutstore Files/OptiProfiler/matlab/OptiProfiler/src/</source>
  </sources>
  <packages>
    <package branch-rate="NaN" complexity="NaN" line-rate="0.62745" name="">
      <classes>
        <class branch-rate="NaN" complexity="NaN" filename="Feature.m" line-rate="0.96296" name="Feature">
          <methods>
            <method branch-rate="NaN" line-rate="0.96774" name="Feature" signature="obj = Feature(varargin)">
              <lines>
                <line hits="116" number="41"/>
                <line hits="1" number="42"/>
                <line hits="115" number="44"/>
                <line hits="115" number="45"/>
                <line hits="64" number="46"/>
                <line hits="100" number="47"/>
                <line hits="115" number="51"/>
                <line hits="115" number="52"/>
                <line hits="1" number="53"/>
                <line hits="114" number="55"/>
                <line hits="114" number="56"/>
                <line hits="64" number="57"/>
                <line hits="100" number="58"/>
                <line hits="100" number="59"/>
                <line hits="1" number="60"/>
                <line hits="99" number="64"/>
                <line hits="99" number="65"/>
                <line hits="99" number="66"/>
                <line hits="13" number="67"/>
                <line hits="86" number="68"/>
                <line hits="29" number="69"/>
                <line hits="57" number="70"/>
                <line hits="21" number="71"/>
                <line hits="36" number="72"/>
                <line hits="24" number="73"/>
                <line hits="12" number="74"/>
                <line hits="11" number="75"/>
                <line hits="1" number="76"/>
                <line hits="0" number="79"/>
                <line hits="99" number="81"/>
                <line hits="1" number="82"/>
                <line hits="98" number="86"/>
                <line hits="98" number="87"/>
                <line hits="9" number="88"/>
                <line hits="9" number="89"/>
                <line hits="9" number="91"/>
                <line hits="0" number="92"/>
                <line hits="89" number="94"/>
                <line hits="13" number="95"/>
                <line hits="1" number="96"/>
                <line hits="76" number="98"/>
                <line hits="10" number="99"/>
                <line hits="1" number="100"/>
                <line hits="66" number="102"/>
                <line hits="10" number="103"/>
                <line hits="1" number="104"/>
                <line hits="56" number="106"/>
                <line hits="11" number="107"/>
                <line hits="2" number="108"/>
                <line hits="45" number="110"/>
                <line hits="24" number="111"/>
                <line hits="6" number="112"/>
                <line hits="21" number="114"/>
                <line hits="11" number="115"/>
                <line hits="1" number="116"/>
                <line hits="11" number="118"/>
                <line hits="1" number="119"/>
                <line hits="10" number="121"/>
                <line hits="10" number="122"/>
                <line hits="10" number="123"/>
                <line hits="1" number="124"/>
                <line hits="99" number="130"/>
              </lines>
            </method>
            <method branch-rate="NaN" line-rate="0.96667" name="modifier" signature="f = modifier(obj, x, f, seed)">
              <lines>
                <line hits="105" number="152"/>
                <line hits="99" number="153"/>
                <line hits="105" number="157"/>
                <line hits="105" number="159"/>
                <line hits="105" number="160"/>
                <line hits="93" number="162"/>
                <line hits="12" number="163"/>
                <line hits="81" number="164"/>
                <line hits="18" number="165"/>
                <line hits="18" number="166"/>
                <line hits="9" number="167"/>
                <line hits="9" number="169"/>
                <line hits="63" number="171"/>
                <line hits="18" number="172"/>
                <line hits="45" number="173"/>
                <line hits="18" number="174"/>
                <line hits="18" number="175"/>
                <line hits="5" number="176"/>
                <line hits="13" number="177"/>
                <line hits="3" number="178"/>
                <line hits="27" number="180"/>
                <line hits="27" number="181"/>
                <line hits="27" number="182"/>
                <line hits="9" number="183"/>
                <line hits="18" number="185"/>
                <line hits="27" number="187"/>
                <line hits="27" number="188"/>
                <line hits="21" number="189"/>
                <line hits="6" number="191"/>
                <line hits="0" number="194"/>
              </lines>
            </method>
            <method branch-rate="NaN" line-rate="0.97222" name="set_default_options" signature="obj = set_default_options(obj)">
              <lines>
                <line hits="99" number="200"/>
                <line hits="99" number="201"/>
                <line hits="13" number="202"/>
                <line hits="13" number="203"/>
                <line hits="86" number="205"/>
                <line hits="13" number="206"/>
                <line hits="1" number="207"/>
                <line hits="12" number="209"/>
                <line hits="12" number="210"/>
                <line hits="73" number="212"/>
                <line hits="18" number="213"/>
                <line hits="9" number="214"/>
                <line hits="18" number="216"/>
                <line hits="9" number="217"/>
                <line hits="18" number="219"/>
                <line hits="9" number="220"/>
                <line hits="55" number="222"/>
                <line hits="18" number="223"/>
                <line hits="18" number="224"/>
                <line hits="18" number="226"/>
                <line hits="9" number="227"/>
                <line hits="18" number="229"/>
                <line hits="9" number="230"/>
                <line hits="37" number="232"/>
                <line hits="18" number="233"/>
                <line hits="18" number="234"/>
                <line hits="18" number="236"/>
                <line hits="9" number="237"/>
                <line hits="18" number="239"/>
                <line hits="9" number="240"/>
                <line hits="19" number="242"/>
                <line hits="19" number="243"/>
                <line hits="19" number="244"/>
                <line hits="19" number="246"/>
                <line hits="9" number="247"/>
                <line hits="0" number="250"/>
              </lines>
            </method>
            <method branch-rate="NaN" line-rate="0.85714" name="default_rng" signature="rand_stream = default_rng(seed, varargin)">
              <lines>
                <line hits="63" number="273"/>
                <line hits="0" number="274"/>
                <line hits="63" number="276"/>
                <line hits="63" number="279"/>
                <line hits="63" number="282"/>
                <line hits="63" number="283"/>
                <line hits="63" number="286"/>
              </lines>
            </method>
          </methods>
          <lines>
            <line hits="116" number="41"/>
            <line hits="1" number="42"/>
            <line hits="115" number="44"/>
            <line hits="115" number="45"/>
            <line hits="64" number="46"/>
            <line hits="100" number="47"/>
            <line hits="115" number="51"/>
            <line hits="115" number="52"/>
            <line hits="1" number="53"/>
            <line hits="114" number="55"/>
            <line hits="114" number="56"/>
            <line hits="64" number="57"/>
            <line hits="100" number="58"/>
            <line hits="100" number="59"/>
            <line hits="1" number="60"/>
            <line hits="99" number="64"/>
            <line hits="99" number="65"/>
            <line hits="99" number="66"/>
            <line hits="13" number="67"/>
            <line hits="86" number="68"/>
            <line hits="29" number="69"/>
            <line hits="57" number="70"/>
            <line hits="21" number="71"/>
            <line hits="36" number="72"/>
            <line hits="24" number="73"/>
            <line hits="12" number="74"/>
            <line hits="11" number="75"/>
            <line hits="1" number="76"/>
            <line hits="0" number="79"/>
            <line hits="99" number="81"/>
            <line hits="1" number="82"/>
            <line hits="98" number="86"/>
            <line hits="98" number="87"/>
            <line hits="9" number="88"/>
            <line hits="9" number="89"/>
            <line hits="9" number="91"/>
            <line hits="0" number="92"/>
            <line hits="89" number="94"/>
            <line hits="13" number="95"/>
            <line hits="1" number="96"/>
            <line hits="76" number="98"/>
            <line hits="10" number="99"/>
            <line hits="1" number="100"/>
            <line hits="66" number="102"/>
            <line hits="10" number="103"/>
            <line hits="1" number="104"/>
            <line hits="56" number="106"/>
            <line hits="11" number="107"/>
            <line hits="2" number="108"/>
            <line hits="45" number="110"/>
            <line hits="24" number="111"/>
            <line hits="6" number="112"/>
            <line hits="21" number="114"/>
            <line hits="11" number="115"/>
            <line hits="1" number="116"/>
            <line hits="11" number="118"/>
            <line hits="1" number="119"/>
            <line hits="10" number="121"/>
            <line hits="10" number="122"/>
            <line hits="10" number="123"/>
            <line hits="1" number="124"/>
            <line hits="99" number="130"/>
            <line hits="105" number="152"/>
            <line hits="99" number="153"/>
            <line hits="105" number="157"/>
            <line hits="105" number="159"/>
            <line hits="105" number="160"/>
            <line hits="93" number="162"/>
            <line hits="12" number="163"/>
            <line hits="81" number="164"/>
            <line hits="18" number="165"/>
            <line hits="18" number="166"/>
            <line hits="9" number="167"/>
            <line hits="9" number="169"/>
            <line hits="63" number="171"/>
            <line hits="18" number="172"/>
            <line hits="45" number="173"/>
            <line hits="18" number="174"/>
            <line hits="18" number="175"/>
            <line hits="5" number="176"/>
            <line hits="13" number="177"/>
            <line hits="3" number="178"/>
            <line hits="27" number="180"/>
            <line hits="27" number="181"/>
            <line hits="27" number="182"/>
            <line hits="9" number="183"/>
            <line hits="18" number="185"/>
            <line hits="27" number="187"/>
            <line hits="27" number="188"/>
            <line hits="21" number="189"/>
            <line hits="6" number="191"/>
            <line hits="0" number="194"/>
            <line hits="99" number="200"/>
            <line hits="99" number="201"/>
            <line hits="13" number="202"/>
            <line hits="13" number="203"/>
            <line hits="86" number="205"/>
            <line hits="13" number="206"/>
            <line hits="1" number="207"/>
            <line hits="12" number="209"/>
            <line hits="12" number="210"/>
            <line hits="73" number="212"/>
            <line hits="18" number="213"/>
            <line hits="9" number="214"/>
            <line hits="18" number="216"/>
            <line hits="9" number="217"/>
            <line hits="18" number="219"/>
            <line hits="9" number="220"/>
            <line hits="55" number="222"/>
            <line hits="18" number="223"/>
            <line hits="18" number="224"/>
            <line hits="18" number="226"/>
            <line hits="9" number="227"/>
            <line hits="18" number="229"/>
            <line hits="9" number="230"/>
            <line hits="37" number="232"/>
            <line hits="18" number="233"/>
            <line hits="18" number="234"/>
            <line hits="18" number="236"/>
            <line hits="9" number="237"/>
            <line hits="18" number="239"/>
            <line hits="9" number="240"/>
            <line hits="19" number="242"/>
            <line hits="19" number="243"/>
            <line hits="19" number="244"/>
            <line hits="19" number="246"/>
            <line hits="9" number="247"/>
            <line hits="0" number="250"/>
            <line hits="63" number="273"/>
            <line hits="0" number="274"/>
            <line hits="63" number="276"/>
            <line hits="63" number="279"/>
            <line hits="63" number="282"/>
            <line hits="63" number="283"/>
            <line hits="63" number="286"/>
          </lines>
        </class>
        <class branch-rate="NaN" complexity="NaN" filename="FeatureName.m" line-rate="0" name="FeatureName">
          <methods>
            <method branch-rate="NaN" line-rate="0" name="FeatureName" signature="obj = FeatureName(inputValue)">
              <lines>
                <line hits="0" number="18"/>
              </lines>
            </method>
          </methods>
          <lines>
            <line hits="0" number="18"/>
          </lines>
        </class>
        <class branch-rate="NaN" complexity="NaN" filename="FeatureOptionKey.m" line-rate="0" name="FeatureOptionKey">
          <methods>
            <method branch-rate="NaN" line-rate="0" name="FeatureOptionKey" signature="obj = FeatureOptionKey(inputValue)">
              <lines>
                <line hits="0" number="21"/>
              </lines>
            </method>
          </methods>
          <lines>
            <line hits="0" number="21"/>
          </lines>
        </class>
        <class branch-rate="NaN" complexity="NaN" filename="FeaturedProblem.m" line-rate="1" name="FeaturedProblem">
          <methods>
            <method branch-rate="NaN" line-rate="1" name="FeaturedProblem" signature="obj = FeaturedProblem(problem, feature)">
              <lines>
                <line hits="7" number="34"/>
                <line hits="7" number="35"/>
                <line hits="7" number="36"/>
                <line hits="7" number="37"/>
                <line hits="7" number="38"/>
                <line hits="7" number="39"/>
                <line hits="7" number="40"/>
                <line hits="7" number="43"/>
                <line hits="7" number="44"/>
                <line hits="7" number="45"/>
                <line hits="7" number="50"/>
                <line hits="7" number="53"/>
                <line hits="7" number="54"/>
              </lines>
            </method>
            <method branch-rate="NaN" line-rate="1" name="get.n_eval" signature="value = get.n_eval(obj)">
              <lines>
                <line hits="9" number="60"/>
              </lines>
            </method>
            <method branch-rate="NaN" line-rate="1" name="get.fun_values" signature="value = get.fun_values(obj)">
              <lines>
                <line hits="24" number="64"/>
              </lines>
            </method>
            <method branch-rate="NaN" line-rate="1" name="get.maxcv_values" signature="value = get.maxcv_values(obj)">
              <lines>
                <line hits="15" number="68"/>
              </lines>
            </method>
            <method branch-rate="NaN" line-rate="1" name="fun" signature="f = fun(obj, x, seed)">
              <lines>
                <line hits="6" number="93"/>
                <line hits="6" number="94"/>
                <line hits="6" number="98"/>
                <line hits="6" number="99"/>
                <line hits="6" number="100"/>
                <line hits="6" number="105"/>
              </lines>
            </method>
          </methods>
          <lines>
            <line hits="7" number="34"/>
            <line hits="7" number="35"/>
            <line hits="7" number="36"/>
            <line hits="7" number="37"/>
            <line hits="7" number="38"/>
            <line hits="7" number="39"/>
            <line hits="7" number="40"/>
            <line hits="7" number="43"/>
            <line hits="7" number="44"/>
            <line hits="7" number="45"/>
            <line hits="7" number="50"/>
            <line hits="7" number="53"/>
            <line hits="7" number="54"/>
            <line hits="9" number="60"/>
            <line hits="24" number="64"/>
            <line hits="15" number="68"/>
            <line hits="6" number="93"/>
            <line hits="6" number="94"/>
            <line hits="6" number="98"/>
            <line hits="6" number="99"/>
            <line hits="6" number="100"/>
            <line hits="6" number="105"/>
          </lines>
        </class>
        <class branch-rate="NaN" complexity="NaN" filename="NoiseType.m" line-rate="0" name="NoiseType">
          <methods>
            <method branch-rate="NaN" line-rate="0" name="NoiseType" signature="obj = NoiseType(inputValue)">
              <lines>
                <line hits="0" number="14"/>
              </lines>
            </method>
          </methods>
          <lines>
            <line hits="0" number="14"/>
          </lines>
        </class>
        <class branch-rate="NaN" complexity="NaN" filename="Problem.m" line-rate="1" name="Problem">
          <methods>
            <method branch-rate="NaN" line-rate="1" name="Problem" signature="obj = Problem(varargin)">
              <lines>
                <line hits="78" number="90"/>
                <line hits="1" number="91"/>
                <line hits="77" number="94"/>
                <line hits="76" number="96"/>
                <line hits="76" number="99"/>
                <line hits="1" number="100"/>
                <line hits="75" number="102"/>
                <line hits="73" number="105"/>
                <line hits="18" number="106"/>
                <line hits="72" number="108"/>
                <line hits="18" number="109"/>
                <line hits="71" number="113"/>
                <line hits="71" number="114"/>
                <line hits="71" number="115"/>
                <line hits="802" number="116"/>
                <line hits="199" number="117"/>
                <line hits="603" number="118"/>
                <line hits="169" number="119"/>
                <line hits="434" number="121"/>
                <line hits="1" number="125"/>
                <line hits="62" number="131"/>
                <line hits="1" number="132"/>
                <line hits="61" number="135"/>
                <line hits="1" number="136"/>
                <line hits="60" number="139"/>
                <line hits="1" number="140"/>
                <line hits="59" number="143"/>
                <line hits="1" number="144"/>
                <line hits="58" number="147"/>
                <line hits="1" number="148"/>
                <line hits="57" number="151"/>
                <line hits="1" number="152"/>
              </lines>
            </method>
            <method branch-rate="NaN" line-rate="1" name="set.x0" signature="set.x0(obj, value)">
              <lines>
                <line hits="71" number="162"/>
                <line hits="1" number="163"/>
                <line hits="70" number="165"/>
              </lines>
            </method>
            <method branch-rate="NaN" line-rate="1" name="set.fun_" signature="set.fun_(obj, fun)">
              <lines>
                <line hits="75" number="171"/>
                <line hits="1" number="172"/>
                <line hits="74" number="175"/>
                <line hits="1" number="176"/>
                <line hits="73" number="179"/>
              </lines>
            </method>
            <method branch-rate="NaN" line-rate="1" name="set.xl" signature="set.xl(obj, xl)">
              <lines>
                <line hits="70" number="184"/>
                <line hits="12" number="185"/>
                <line hits="1" number="186"/>
                <line hits="11" number="188"/>
                <line hits="58" number="190"/>
              </lines>
            </method>
            <method branch-rate="NaN" line-rate="1" name="set.xu" signature="set.xu(obj, xu)">
              <lines>
                <line hits="69" number="195"/>
                <line hits="12" number="196"/>
                <line hits="1" number="197"/>
                <line hits="11" number="199"/>
                <line hits="57" number="201"/>
              </lines>
            </method>
            <method branch-rate="NaN" line-rate="1" name="set.aub" signature="set.aub(obj, aub)">
              <lines>
                <line hits="68" number="207"/>
                <line hits="7" number="208"/>
                <line hits="1" number="209"/>
                <line hits="6" number="211"/>
                <line hits="61" number="213"/>
              </lines>
            </method>
            <method branch-rate="NaN" line-rate="1" name="set.bub" signature="set.bub(obj, bub)">
              <lines>
                <line hits="67" number="218"/>
                <line hits="7" number="219"/>
                <line hits="1" number="220"/>
                <line hits="6" number="222"/>
                <line hits="60" number="224"/>
              </lines>
            </method>
            <method branch-rate="NaN" line-rate="1" name="set.aeq" signature="set.aeq(obj, aeq)">
              <lines>
                <line hits="66" number="229"/>
                <line hits="7" number="230"/>
                <line hits="1" number="231"/>
                <line hits="6" number="233"/>
                <line hits="59" number="235"/>
              </lines>
            </method>
            <method branch-rate="NaN" line-rate="1" name="set.beq" signature="set.beq(obj, beq)">
              <lines>
                <line hits="65" number="240"/>
                <line hits="7" number="241"/>
                <line hits="1" number="242"/>
                <line hits="6" number="244"/>
                <line hits="58" number="246"/>
              </lines>
            </method>
            <method branch-rate="NaN" line-rate="1" name="set.cub_" signature="set.cub_(obj, cub_)">
              <lines>
                <line hits="18" number="252"/>
                <line hits="1" number="253"/>
                <line hits="17" number="255"/>
              </lines>
            </method>
            <method branch-rate="NaN" line-rate="1" name="set.ceq_" signature="set.ceq_(obj, ceq_)">
              <lines>
                <line hits="18" number="259"/>
                <line hits="1" number="260"/>
                <line hits="17" number="263"/>
              </lines>
            </method>
            <method branch-rate="NaN" line-rate="1" name="set.m_nonlinear_ub" signature="set.m_nonlinear_ub(obj, m_nonlinear_ub)">
              <lines>
                <line hits="65" number="268"/>
                <line hits="10" number="269"/>
                <line hits="1" number="270"/>
                <line hits="9" number="272"/>
                <line hits="55" number="274"/>
              </lines>
            </method>
            <method branch-rate="NaN" line-rate="1" name="set.m_nonlinear_eq" signature="set.m_nonlinear_eq(obj, m_nonlinear_eq)">
              <lines>
                <line hits="64" number="279"/>
                <line hits="10" number="280"/>
                <line hits="1" number="281"/>
                <line hits="9" number="283"/>
                <line hits="54" number="285"/>
              </lines>
            </method>
            <method branch-rate="NaN" line-rate="1" name="get.n" signature="value = get.n(obj)">
              <lines>
                <line hits="567" number="292"/>
              </lines>
            </method>
            <method branch-rate="NaN" line-rate="1" name="get.m_linear_ub" signature="value = get.m_linear_ub(obj)">
              <lines>
                <line hits="62" number="296"/>
              </lines>
            </method>
            <method branch-rate="NaN" line-rate="1" name="get.m_linear_eq" signature="value = get.m_linear_eq(obj)">
              <lines>
                <line hits="61" number="300"/>
              </lines>
            </method>
            <method branch-rate="NaN" line-rate="1" name="get.m_nonlinear_ub" signature="value = get.m_nonlinear_ub(obj)">
              <lines>
                <line hits="122" number="306"/>
                <line hits="122" number="307"/>
                <line hits="104" number="308"/>
                <line hits="101" number="309"/>
                <line hits="3" number="311"/>
                <line hits="18" number="314"/>
                <line hits="3" number="316"/>
                <line hits="3" number="317"/>
                <line hits="3" number="318"/>
              </lines>
            </method>
            <method branch-rate="NaN" line-rate="1" name="get.m_nonlinear_eq" signature="value = get.m_nonlinear_eq(obj)">
              <lines>
                <line hits="120" number="323"/>
                <line hits="120" number="324"/>
                <line hits="102" number="325"/>
                <line hits="99" number="326"/>
                <line hits="3" number="328"/>
                <line hits="18" number="331"/>
                <line hits="3" number="333"/>
                <line hits="3" number="334"/>
                <line hits="3" number="335"/>
              </lines>
            </method>
            <method branch-rate="NaN" line-rate="1" name="get.xl" signature="value = get.xl(obj)">
              <lines>
                <line hits="98" number="340"/>
                <line hits="71" number="341"/>
                <line hits="27" number="343"/>
              </lines>
            </method>
            <method branch-rate="NaN" line-rate="1" name="get.xu" signature="value = get.xu(obj)">
              <lines>
                <line hits="97" number="348"/>
                <line hits="70" number="349"/>
                <line hits="27" number="351"/>
              </lines>
            </method>
            <method branch-rate="NaN" line-rate="1" name="get.aub" signature="value = get.aub(obj)">
              <lines>
                <line hits="84" number="356"/>
                <line hits="74" number="357"/>
                <line hits="10" number="359"/>
              </lines>
            </method>
            <method branch-rate="NaN" line-rate="1" name="get.bub" signature="value = get.bub(obj)">
              <lines>
                <line hits="73" number="364"/>
                <line hits="62" number="365"/>
                <line hits="11" number="367"/>
              </lines>
            </method>
            <method branch-rate="NaN" line-rate="1" name="get.aeq" signature="value = get.aeq(obj)">
              <lines>
                <line hits="83" number="372"/>
                <line hits="73" number="373"/>
                <line hits="10" number="375"/>
              </lines>
            </method>
            <method branch-rate="NaN" line-rate="1" name="get.beq" signature="value = get.beq(obj)">
              <lines>
                <line hits="72" number="380"/>
                <line hits="61" number="381"/>
                <line hits="11" number="383"/>
              </lines>
            </method>
            <method branch-rate="NaN" line-rate="1" name="maxcv" signature="cv = maxcv(obj, x)">
              <lines>
                <line hits="13" number="393"/>
                <line hits="13" number="396"/>
                <line hits="13" number="397"/>
                <line hits="13" number="401"/>
                <line hits="13" number="402"/>
                <line hits="13" number="406"/>
                <line hits="1" number="407"/>
                <line hits="13" number="411"/>
                <line hits="1" number="412"/>
                <line hits="13" number="416"/>
                <line hits="1" number="417"/>
                <line hits="1" number="418"/>
                <line hits="1" number="419"/>
                <line hits="13" number="424"/>
                <line hits="1" number="425"/>
                <line hits="1" number="426"/>
                <line hits="1" number="427"/>
              </lines>
            </method>
            <method branch-rate="NaN" line-rate="1" name="fun" signature="f = fun(obj, x)">
              <lines>
                <line hits="12" number="434"/>
                <line hits="1" number="435"/>
                <line hits="11" number="438"/>
                <line hits="1" number="439"/>
                <line hits="10" number="442"/>
                <line hits="10" number="444"/>
                <line hits="1" number="445"/>
                <line hits="1" number="447"/>
                <line hits="1" number="448"/>
                <line hits="10" number="451"/>
                <line hits="10" number="452"/>
                <line hits="1" number="453"/>
                <line hits="1" number="455"/>
                <line hits="1" number="456"/>
              </lines>
            </method>
            <method branch-rate="NaN" line-rate="1" name="cub" signature="f = cub(obj, x)">
              <lines>
                <line hits="10" number="461"/>
                <line hits="1" number="462"/>
                <line hits="9" number="465"/>
                <line hits="1" number="466"/>
                <line hits="8" number="469"/>
                <line hits="1" number="470"/>
                <line hits="7" number="472"/>
                <line hits="7" number="473"/>
                <line hits="1" number="474"/>
                <line hits="1" number="475"/>
                <line hits="1" number="476"/>
                <line hits="7" number="478"/>
                <line hits="1" number="479"/>
                <line hits="6" number="481"/>
                <line hits="6" number="482"/>
                <line hits="1" number="483"/>
                <line hits="1" number="484"/>
                <line hits="1" number="485"/>
                <line hits="7" number="489"/>
                <line hits="1" number="490"/>
                <line hits="7" number="492"/>
                <line hits="1" number="493"/>
              </lines>
            </method>
            <method branch-rate="NaN" line-rate="1" name="ceq" signature="f = ceq(obj, x)">
              <lines>
                <line hits="10" number="498"/>
                <line hits="1" number="499"/>
                <line hits="9" number="502"/>
                <line hits="1" number="503"/>
                <line hits="8" number="506"/>
                <line hits="1" number="507"/>
                <line hits="7" number="509"/>
                <line hits="7" number="510"/>
                <line hits="1" number="511"/>
                <line hits="1" number="512"/>
                <line hits="1" number="513"/>
                <line hits="7" number="515"/>
                <line hits="1" number="516"/>
                <line hits="6" number="518"/>
                <line hits="6" number="519"/>
                <line hits="1" number="520"/>
                <line hits="1" number="521"/>
                <line hits="1" number="522"/>
                <line hits="7" number="526"/>
                <line hits="1" number="527"/>
                <line hits="7" number="529"/>
                <line hits="1" number="530"/>
              </lines>
            </method>
          </methods>
          <lines>
            <line hits="78" number="90"/>
            <line hits="1" number="91"/>
            <line hits="77" number="94"/>
            <line hits="76" number="96"/>
            <line hits="76" number="99"/>
            <line hits="1" number="100"/>
            <line hits="75" number="102"/>
            <line hits="73" number="105"/>
            <line hits="18" number="106"/>
            <line hits="72" number="108"/>
            <line hits="18" number="109"/>
            <line hits="71" number="113"/>
            <line hits="71" number="114"/>
            <line hits="71" number="115"/>
            <line hits="802" number="116"/>
            <line hits="199" number="117"/>
            <line hits="603" number="118"/>
            <line hits="169" number="119"/>
            <line hits="434" number="121"/>
            <line hits="1" number="125"/>
            <line hits="62" number="131"/>
            <line hits="1" number="132"/>
            <line hits="61" number="135"/>
            <line hits="1" number="136"/>
            <line hits="60" number="139"/>
            <line hits="1" number="140"/>
            <line hits="59" number="143"/>
            <line hits="1" number="144"/>
            <line hits="58" number="147"/>
            <line hits="1" number="148"/>
            <line hits="57" number="151"/>
            <line hits="1" number="152"/>
            <line hits="71" number="162"/>
            <line hits="1" number="163"/>
            <line hits="70" number="165"/>
            <line hits="75" number="171"/>
            <line hits="1" number="172"/>
            <line hits="74" number="175"/>
            <line hits="1" number="176"/>
            <line hits="73" number="179"/>
            <line hits="70" number="184"/>
            <line hits="12" number="185"/>
            <line hits="1" number="186"/>
            <line hits="11" number="188"/>
            <line hits="58" number="190"/>
            <line hits="69" number="195"/>
            <line hits="12" number="196"/>
            <line hits="1" number="197"/>
            <line hits="11" number="199"/>
            <line hits="57" number="201"/>
            <line hits="68" number="207"/>
            <line hits="7" number="208"/>
            <line hits="1" number="209"/>
            <line hits="6" number="211"/>
            <line hits="61" number="213"/>
            <line hits="67" number="218"/>
            <line hits="7" number="219"/>
            <line hits="1" number="220"/>
            <line hits="6" number="222"/>
            <line hits="60" number="224"/>
            <line hits="66" number="229"/>
            <line hits="7" number="230"/>
            <line hits="1" number="231"/>
            <line hits="6" number="233"/>
            <line hits="59" number="235"/>
            <line hits="65" number="240"/>
            <line hits="7" number="241"/>
            <line hits="1" number="242"/>
            <line hits="6" number="244"/>
            <line hits="58" number="246"/>
            <line hits="18" number="252"/>
            <line hits="1" number="253"/>
            <line hits="17" number="255"/>
            <line hits="18" number="259"/>
            <line hits="1" number="260"/>
            <line hits="17" number="263"/>
            <line hits="65" number="268"/>
            <line hits="10" number="269"/>
            <line hits="1" number="270"/>
            <line hits="9" number="272"/>
            <line hits="55" number="274"/>
            <line hits="64" number="279"/>
            <line hits="10" number="280"/>
            <line hits="1" number="281"/>
            <line hits="9" number="283"/>
            <line hits="54" number="285"/>
            <line hits="567" number="292"/>
            <line hits="62" number="296"/>
            <line hits="61" number="300"/>
            <line hits="122" number="306"/>
            <line hits="122" number="307"/>
            <line hits="104" number="308"/>
            <line hits="101" number="309"/>
            <line hits="3" number="311"/>
            <line hits="18" number="314"/>
            <line hits="3" number="316"/>
            <line hits="3" number="317"/>
            <line hits="3" number="318"/>
            <line hits="120" number="323"/>
            <line hits="120" number="324"/>
            <line hits="102" number="325"/>
            <line hits="99" number="326"/>
            <line hits="3" number="328"/>
            <line hits="18" number="331"/>
            <line hits="3" number="333"/>
            <line hits="3" number="334"/>
            <line hits="3" number="335"/>
            <line hits="98" number="340"/>
            <line hits="71" number="341"/>
            <line hits="27" number="343"/>
            <line hits="97" number="348"/>
            <line hits="70" number="349"/>
            <line hits="27" number="351"/>
            <line hits="84" number="356"/>
            <line hits="74" number="357"/>
            <line hits="10" number="359"/>
            <line hits="73" number="364"/>
            <line hits="62" number="365"/>
            <line hits="11" number="367"/>
            <line hits="83" number="372"/>
            <line hits="73" number="373"/>
            <line hits="10" number="375"/>
            <line hits="72" number="380"/>
            <line hits="61" number="381"/>
            <line hits="11" number="383"/>
            <line hits="13" number="393"/>
            <line hits="13" number="396"/>
            <line hits="13" number="397"/>
            <line hits="13" number="401"/>
            <line hits="13" number="402"/>
            <line hits="13" number="406"/>
            <line hits="1" number="407"/>
            <line hits="13" number="411"/>
            <line hits="1" number="412"/>
            <line hits="13" number="416"/>
            <line hits="1" number="417"/>
            <line hits="1" number="418"/>
            <line hits="1" number="419"/>
            <line hits="13" number="424"/>
            <line hits="1" number="425"/>
            <line hits="1" number="426"/>
            <line hits="1" number="427"/>
            <line hits="12" number="434"/>
            <line hits="1" number="435"/>
            <line hits="11" number="438"/>
            <line hits="1" number="439"/>
            <line hits="10" number="442"/>
            <line hits="10" number="444"/>
            <line hits="1" number="445"/>
            <line hits="1" number="447"/>
            <line hits="1" number="448"/>
            <line hits="10" number="451"/>
            <line hits="10" number="452"/>
            <line hits="1" number="453"/>
            <line hits="1" number="455"/>
            <line hits="1" number="456"/>
            <line hits="10" number="461"/>
            <line hits="1" number="462"/>
            <line hits="9" number="465"/>
            <line hits="1" number="466"/>
            <line hits="8" number="469"/>
            <line hits="1" number="470"/>
            <line hits="7" number="472"/>
            <line hits="7" number="473"/>
            <line hits="1" number="474"/>
            <line hits="1" number="475"/>
            <line hits="1" number="476"/>
            <line hits="7" number="478"/>
            <line hits="1" number="479"/>
            <line hits="6" number="481"/>
            <line hits="6" number="482"/>
            <line hits="1" number="483"/>
            <line hits="1" number="484"/>
            <line hits="1" number="485"/>
            <line hits="7" number="489"/>
            <line hits="1" number="490"/>
            <line hits="7" number="492"/>
            <line hits="1" number="493"/>
            <line hits="10" number="498"/>
            <line hits="1" number="499"/>
            <line hits="9" number="502"/>
            <line hits="1" number="503"/>
            <line hits="8" number="506"/>
            <line hits="1" number="507"/>
            <line hits="7" number="509"/>
            <line hits="7" number="510"/>
            <line hits="1" number="511"/>
            <line hits="1" number="512"/>
            <line hits="1" number="513"/>
            <line hits="7" number="515"/>
            <line hits="1" number="516"/>
            <line hits="6" number="518"/>
            <line hits="6" number="519"/>
            <line hits="1" number="520"/>
            <line hits="1" number="521"/>
            <line hits="1" number="522"/>
            <line hits="7" number="526"/>
            <line hits="1" number="527"/>
            <line hits="7" number="529"/>
            <line hits="1" number="530"/>
          </lines>
        </class>
        <class branch-rate="NaN" complexity="NaN" filename="ProfileOptionKey.m" line-rate="0" name="ProfileOptionKey">
          <methods>
            <method branch-rate="NaN" line-rate="0" name="ProfileOptionKey" signature="obj = ProfileOptionKey(inputValue)">
              <lines>
                <line hits="0" number="13"/>
              </lines>
            </method>
          </methods>
          <lines>
            <line hits="0" number="13"/>
          </lines>
        </class>
        <class branch-rate="NaN" complexity="NaN" filename="createProfiles.m" line-rate="0" name="createProfiles">
          <methods/>
          <lines>
            <line hits="0" number="8"/>
            <line hits="0" number="13"/>
            <line hits="0" number="16"/>
            <line hits="0" number="17"/>
            <line hits="0" number="20"/>
            <line hits="0" number="23"/>
            <line hits="0" number="26"/>
            <line hits="0" number="27"/>
            <line hits="0" number="28"/>
            <line hits="0" number="29"/>
            <line hits="0" number="30"/>
            <line hits="0" number="31"/>
            <line hits="0" number="32"/>
            <line hits="0" number="35"/>
            <line hits="0" number="36"/>
            <line hits="0" number="37"/>
            <line hits="0" number="38"/>
            <line hits="0" number="39"/>
            <line hits="0" number="41"/>
            <line hits="0" number="42"/>
            <line hits="0" number="43"/>
            <line hits="0" number="44"/>
            <line hits="0" number="45"/>
            <line hits="0" number="46"/>
            <line hits="0" number="48"/>
            <line hits="0" number="50"/>
            <line hits="0" number="51"/>
            <line hits="0" number="58"/>
            <line hits="0" number="59"/>
            <line hits="0" number="60"/>
            <line hits="0" number="61"/>
            <line hits="0" number="62"/>
            <line hits="0" number="66"/>
            <line hits="0" number="67"/>
            <line hits="0" number="68"/>
            <line hits="0" number="69"/>
            <line hits="0" number="70"/>
            <line hits="0" number="71"/>
            <line hits="0" number="72"/>
            <line hits="0" number="76"/>
            <line hits="0" number="77"/>
            <line hits="0" number="78"/>
            <line hits="0" number="79"/>
            <line hits="0" number="80"/>
            <line hits="0" number="81"/>
            <line hits="0" number="82"/>
            <line hits="0" number="83"/>
            <line hits="0" number="84"/>
            <line hits="0" number="85"/>
            <line hits="0" number="87"/>
            <line hits="0" number="91"/>
            <line hits="0" number="94"/>
            <line hits="0" number="97"/>
            <line hits="0" number="98"/>
            <line hits="0" number="99"/>
            <line hits="0" number="100"/>
            <line hits="0" number="101"/>
            <line hits="0" number="105"/>
            <line hits="0" number="106"/>
            <line hits="0" number="107"/>
            <line hits="0" number="108"/>
            <line hits="0" number="109"/>
            <line hits="0" number="110"/>
            <line hits="0" number="111"/>
            <line hits="0" number="115"/>
            <line hits="0" number="116"/>
            <line hits="0" number="117"/>
            <line hits="0" number="118"/>
            <line hits="0" number="119"/>
            <line hits="0" number="120"/>
            <line hits="0" number="121"/>
            <line hits="0" number="122"/>
            <line hits="0" number="123"/>
            <line hits="0" number="124"/>
            <line hits="0" number="126"/>
            <line hits="0" number="130"/>
            <line hits="0" number="133"/>
            <line hits="0" number="136"/>
            <line hits="0" number="137"/>
            <line hits="0" number="138"/>
            <line hits="0" number="139"/>
            <line hits="0" number="140"/>
            <line hits="0" number="141"/>
            <line hits="0" number="142"/>
            <line hits="0" number="143"/>
            <line hits="0" number="145"/>
            <line hits="0" number="146"/>
            <line hits="0" number="147"/>
            <line hits="0" number="148"/>
            <line hits="0" number="149"/>
            <line hits="0" number="150"/>
            <line hits="0" number="153"/>
            <line hits="0" number="154"/>
            <line hits="0" number="155"/>
            <line hits="0" number="156"/>
            <line hits="0" number="157"/>
            <line hits="0" number="158"/>
            <line hits="0" number="159"/>
            <line hits="0" number="160"/>
            <line hits="0" number="162"/>
            <line hits="0" number="163"/>
            <line hits="0" number="164"/>
            <line hits="0" number="165"/>
            <line hits="0" number="166"/>
            <line hits="0" number="167"/>
            <line hits="0" number="176"/>
            <line hits="0" number="177"/>
            <line hits="0" number="178"/>
            <line hits="0" number="179"/>
            <line hits="0" number="180"/>
            <line hits="0" number="181"/>
            <line hits="0" number="182"/>
          </lines>
        </class>
        <class branch-rate="NaN" complexity="NaN" filename="profileinprima.m" line-rate="0" name="profileinprima">
          <methods/>
          <lines>
            <line hits="0" number="8"/>
            <line hits="0" number="13"/>
            <line hits="0" number="16"/>
            <line hits="0" number="17"/>
            <line hits="0" number="20"/>
            <line hits="0" number="23"/>
            <line hits="0" number="26"/>
            <line hits="0" number="27"/>
            <line hits="0" number="28"/>
            <line hits="0" number="29"/>
            <line hits="0" number="30"/>
            <line hits="0" number="31"/>
            <line hits="0" number="32"/>
            <line hits="0" number="35"/>
            <line hits="0" number="36"/>
            <line hits="0" number="37"/>
            <line hits="0" number="38"/>
            <line hits="0" number="39"/>
            <line hits="0" number="40"/>
            <line hits="0" number="42"/>
            <line hits="0" number="48"/>
            <line hits="0" number="49"/>
            <line hits="0" number="50"/>
            <line hits="0" number="51"/>
            <line hits="0" number="52"/>
            <line hits="0" number="53"/>
            <line hits="0" number="54"/>
          </lines>
        </class>
        <class branch-rate="NaN" complexity="NaN" filename="solveAll.m" line-rate="0" name="solveAll">
          <methods/>
          <lines>
            <line hits="0" number="5"/>
            <line hits="0" number="6"/>
            <line hits="0" number="9"/>
            <line hits="0" number="10"/>
            <line hits="0" number="12"/>
            <line hits="0" number="13"/>
            <line hits="0" number="15"/>
            <line hits="0" number="16"/>
            <line hits="0" number="17"/>
            <line hits="0" number="18"/>
            <line hits="0" number="21"/>
            <line hits="0" number="22"/>
            <line hits="0" number="27"/>
            <line hits="0" number="33"/>
            <line hits="0" number="34"/>
            <line hits="0" number="35"/>
            <line hits="0" number="36"/>
            <line hits="0" number="38"/>
            <line hits="0" number="39"/>
            <line hits="0" number="40"/>
            <line hits="0" number="41"/>
            <line hits="0" number="42"/>
            <line hits="0" number="43"/>
            <line hits="0" number="44"/>
            <line hits="0" number="45"/>
            <line hits="0" number="46"/>
            <line hits="0" number="47"/>
            <line hits="0" number="48"/>
            <line hits="0" number="49"/>
            <line hits="0" number="50"/>
            <line hits="0" number="51"/>
            <line hits="0" number="52"/>
            <line hits="0" number="53"/>
            <line hits="0" number="54"/>
          </lines>
        </class>
        <class branch-rate="NaN" complexity="NaN" filename="solveOne.m" line-rate="0" name="solveOne">
          <methods/>
          <lines>
            <line hits="0" number="5"/>
            <line hits="0" number="6"/>
            <line hits="0" number="7"/>
            <line hits="0" number="8"/>
            <line hits="0" number="9"/>
            <line hits="0" number="10"/>
            <line hits="0" number="11"/>
            <line hits="0" number="14"/>
            <line hits="0" number="17"/>
            <line hits="0" number="18"/>
            <line hits="0" number="19"/>
            <line hits="0" number="20"/>
            <line hits="0" number="21"/>
            <line hits="0" number="23"/>
            <line hits="0" number="24"/>
            <line hits="0" number="26"/>
            <line hits="0" number="27"/>
            <line hits="0" number="28"/>
            <line hits="0" number="29"/>
            <line hits="0" number="30"/>
            <line hits="0" number="33"/>
            <line hits="0" number="34"/>
            <line hits="0" number="35"/>
            <line hits="0" number="36"/>
            <line hits="0" number="37"/>
            <line hits="0" number="38"/>
            <line hits="0" number="39"/>
          </lines>
        </class>
      </classes>
    </package>
  </packages>
</coverage>
